[debug] [2020-12-10T17:51:29.469Z] ----------------------------------------------------------------------
[debug] [2020-12-10T17:51:29.471Z] Command:       C:\Program Files\nodejs\node.exe C:\Users\User\AppData\Roaming\npm\node_modules\firebase-tools\lib\bin\firebase.js init
[debug] [2020-12-10T17:51:29.471Z] CLI Version:   8.18.1
[debug] [2020-12-10T17:51:29.471Z] Platform:      win32
[debug] [2020-12-10T17:51:29.471Z] Node Version:  v14.15.0
[debug] [2020-12-10T17:51:29.472Z] Time:          Thu Dec 10 2020 12:51:29 GMT-0500 (hora estándar de Colombia)
[debug] [2020-12-10T17:51:29.473Z] ----------------------------------------------------------------------
[debug] [2020-12-10T17:51:29.473Z] 
[debug] [2020-12-10T17:51:29.479Z] > command requires scopes: ["email","openid","https://www.googleapis.com/auth/cloudplatformprojects.readonly","https://www.googleapis.com/auth/firebase","https://www.googleapis.com/auth/cloud-platform"]
[debug] [2020-12-10T17:51:29.479Z] > authorizing via signed-in user
[info] 
     ######## #### ########  ######## ########     ###     ######  ########
     ##        ##  ##     ## ##       ##     ##  ##   ##  ##       ##
     ######    ##  ########  ######   ########  #########  ######  ######
     ##        ##  ##    ##  ##       ##     ## ##     ##       ## ##
     ##       #### ##     ## ######## ########  ##     ##  ######  ########

You're about to initialize a Firebase project in this directory:

  C:\Users\User\Desktop\Courses\Platzi\Angular\Angular-Store

Before we get started, keep in mind:

  * You are initializing in an existing Firebase project directory

[info] 
=== Project Setup
[info] 
[info] First, let's associate this project directory with a Firebase project.
[info] You can create multiple project aliases by running firebase use --add, 
[info] but for now we'll just set up a default project.
[info] 
[info] i  .firebaserc already has a default project, using platzi-store-8eb75. 
[debug] [2020-12-10T17:51:40.938Z] >>> HTTP REQUEST GET https://firebase.googleapis.com/v1beta1/projects/platzi-store-8eb75  
 
[debug] [2020-12-10T17:51:41.413Z] <<< HTTP RESPONSE 200 {"content-type":"application/json; charset=UTF-8","vary":"X-Origin, Referer, Origin,Accept-Encoding","date":"Thu, 10 Dec 2020 17:51:41 GMT","server":"ESF","cache-control":"private","x-xss-protection":"0","x-frame-options":"SAMEORIGIN","x-content-type-options":"nosniff","alt-svc":"h3-29=\":443\"; ma=2592000,h3-T051=\":443\"; ma=2592000,h3-Q050=\":443\"; ma=2592000,h3-Q046=\":443\"; ma=2592000,h3-Q043=\":443\"; ma=2592000,quic=\":443\"; ma=2592000; v=\"46,43\"","accept-ranges":"none","transfer-encoding":"chunked"}
[info] 
=== Hosting Setup
[info] 
[info] Your public directory is the folder (relative to your project directory) that
[info] will contain Hosting assets to be uploaded with firebase deploy. If you
[info] have a build process for your assets, use your build's output directory.
[info] 
